<?xml version="1.0" encoding="UTF-8"?>
<!-- Generated by org.testng.reporters.JUnitReportReporter -->
<testsuite hostname="Tapan" failures="0" tests="1" name="tapanhpandya.testcases.LoginTest" time="36.370" errors="0" timestamp="2023-01-11T15:29:30 EST" skipped="0">
  <testcase classname="tapanhpandya.testcases.LoginTest" name="LoginPageTest" time="36.370"/>
  <system-out/>
</testsuite> <!-- tapanhpandya.testcases.LoginTest -->
