<?xml version="1.0" encoding="UTF-8"?>
<!-- Generated by org.testng.reporters.JUnitReportReporter -->
<testsuite hostname="Tapan" failures="0" tests="1" name="tapanhpandya.testcases.LoginTest" time="35.660" errors="0" timestamp="2023-01-07T12:25:47 EST" skipped="0">
  <testcase classname="tapanhpandya.testcases.LoginTest" name="LoginPageTest" time="35.660"/>
  <system-out/>
</testsuite> <!-- tapanhpandya.testcases.LoginTest -->
